2021-05-24 10:58:30.635  INFO 3584 --- [           main] s.l.m.api.VvzInstrumentController        : initialization finished Warehouse: [{"initialLoadTimeMilliSecs":1435,"warehouseInventorySize":0,"warehouseSize":"13 KB"}]
2021-05-24 10:58:33.261  INFO 3584 --- [nio-8088-exec-1] s.l.m.api.VvzInstrumentController        : GET /
2021-05-24 10:58:33.271  INFO 3584 --- [nio-8088-exec-1] s.l.m.api.VvzInstrumentController        : Warehouse: [{"initialLoadTimeMilliSecs":1435,"warehouseInventorySize":0,"warehouseSize":"13 KB"}]
2021-05-24 10:59:07.484  INFO 3584 --- [nio-8088-exec-4] s.l.m.api.VvzInstrumentController        : POST /add?nbr=[1]
2021-05-24 10:59:07.636  INFO 3584 --- [nio-8088-exec-5] s.l.m.api.VvzInstrumentController        : GET /
2021-05-24 10:59:07.651  INFO 3584 --- [nio-8088-exec-5] s.l.m.api.VvzInstrumentController        : [1] VVzinstrument: generating objects in [10] ms, storing in [116] ms
2021-05-24 10:59:07.658  INFO 3584 --- [nio-8088-exec-5] s.l.m.api.VvzInstrumentController        : Warehouse: [{"initialLoadTimeMilliSecs":1435,"warehouseInventorySize":1,"warehouseSize":"14 KB"}]
2021-05-24 10:59:42.336  INFO 3584 --- [nio-8088-exec-7] s.l.m.api.VvzInstrumentController        : POST /clone
2021-05-24 10:59:42.429  INFO 3584 --- [nio-8088-exec-8] s.l.m.api.VvzInstrumentController        : GET /
2021-05-24 10:59:42.431  INFO 3584 --- [nio-8088-exec-8] s.l.m.api.VvzInstrumentController        : loaded via Microstream: Loaded Warehouse with [1] VvzInstruments in [53] ms, size [14 KB]
2021-05-24 10:59:42.434  INFO 3584 --- [nio-8088-exec-8] s.l.m.api.VvzInstrumentController        : Warehouse: [{"initialLoadTimeMilliSecs":1435,"warehouseInventorySize":1,"warehouseSize":"14 KB"}]
2021-05-24 10:59:54.958  INFO 3584 --- [nio-8088-exec-9] s.l.m.api.VvzInstrumentController        : POST /add?nbr=[100000]
2021-05-24 10:59:58.399  INFO 3584 --- [io-8088-exec-10] s.l.m.api.VvzInstrumentController        : GET /
2021-05-24 10:59:58.430  INFO 3584 --- [io-8088-exec-10] s.l.m.api.VvzInstrumentController        : [100000] VVzinstrument: generating objects in [813] ms, storing in [2627] ms
2021-05-24 10:59:58.430  INFO 3584 --- [io-8088-exec-10] s.l.m.api.VvzInstrumentController        : Warehouse: [{"initialLoadTimeMilliSecs":1435,"warehouseInventorySize":100001,"warehouseSize":"25 MB"}]
2021-05-24 11:00:20.323  INFO 3584 --- [nio-8088-exec-1] s.l.m.api.VvzInstrumentController        : POST /clone
2021-05-24 11:00:22.216  INFO 3584 --- [nio-8088-exec-3] s.l.m.api.VvzInstrumentController        : GET /
2021-05-24 11:00:22.247  INFO 3584 --- [nio-8088-exec-3] s.l.m.api.VvzInstrumentController        : loaded via Microstream: Loaded Warehouse with [100001] VvzInstruments in [1727] ms, size [17 MB]
2021-05-24 11:00:22.247  INFO 3584 --- [nio-8088-exec-3] s.l.m.api.VvzInstrumentController        : Warehouse: [{"initialLoadTimeMilliSecs":1435,"warehouseInventorySize":100001,"warehouseSize":"17 MB"}]
2021-05-24 11:01:03.101  INFO 3584 --- [nio-8088-exec-2] s.l.m.api.VvzInstrumentController        : POST /add?nbr=[20000]
2021-05-24 11:01:03.563  INFO 3584 --- [nio-8088-exec-4] s.l.m.api.VvzInstrumentController        : GET /
2021-05-24 11:01:03.694  INFO 3584 --- [nio-8088-exec-4] s.l.m.api.VvzInstrumentController        : [20000] VVzinstrument: generating objects in [61] ms, storing in [389] ms
2021-05-24 11:01:03.704  INFO 3584 --- [nio-8088-exec-4] s.l.m.api.VvzInstrumentController        : Warehouse: [{"initialLoadTimeMilliSecs":1435,"warehouseInventorySize":120001,"warehouseSize":"22 MB"}]
2021-05-24 11:01:25.706  INFO 3584 --- [nio-8088-exec-5] s.l.m.api.VvzInstrumentController        : POST /clone
2021-05-24 11:01:28.278  INFO 3584 --- [nio-8088-exec-6] s.l.m.api.VvzInstrumentController        : GET /
2021-05-24 11:01:28.298  INFO 3584 --- [nio-8088-exec-6] s.l.m.api.VvzInstrumentController        : loaded via Microstream: Loaded Warehouse with [120001] VvzInstruments in [2313] ms, size [22 MB]
2021-05-24 11:01:28.298  INFO 3584 --- [nio-8088-exec-6] s.l.m.api.VvzInstrumentController        : Warehouse: [{"initialLoadTimeMilliSecs":1435,"warehouseInventorySize":120001,"warehouseSize":"22 MB"}]
2021-05-24 11:01:55.052  INFO 3584 --- [nio-8088-exec-7] s.l.m.api.VvzInstrumentController        : POST /add?nbr=[100000]
2021-05-24 11:01:57.199  INFO 3584 --- [nio-8088-exec-8] s.l.m.api.VvzInstrumentController        : GET /
2021-05-24 11:01:57.282  INFO 3584 --- [nio-8088-exec-8] s.l.m.api.VvzInstrumentController        : [100000] VVzinstrument: generating objects in [333] ms, storing in [1806] ms
2021-05-24 11:01:57.284  INFO 3584 --- [nio-8088-exec-8] s.l.m.api.VvzInstrumentController        : Warehouse: [{"initialLoadTimeMilliSecs":1435,"warehouseInventorySize":220001,"warehouseSize":"42 MB"}]
2021-05-24 11:02:48.387  INFO 3584 --- [nio-8088-exec-9] s.l.m.api.VvzInstrumentController        : POST /clone
2021-05-24 11:02:50.788  INFO 3584 --- [io-8088-exec-10] s.l.m.api.VvzInstrumentController        : GET /
2021-05-24 11:02:51.021  INFO 3584 --- [io-8088-exec-10] s.l.m.api.VvzInstrumentController        : loaded via Microstream: Loaded Warehouse with [220001] VvzInstruments in [2332] ms, size [40 MB]
2021-05-24 11:02:51.031  INFO 3584 --- [io-8088-exec-10] s.l.m.api.VvzInstrumentController        : Warehouse: [{"initialLoadTimeMilliSecs":1435,"warehouseInventorySize":220001,"warehouseSize":"40 MB"}]
2021-05-24 11:03:37.221  INFO 3584 --- [nio-8088-exec-1] s.l.m.api.VvzInstrumentController        : POST /clone
2021-05-24 11:03:42.108  INFO 3584 --- [nio-8088-exec-1] s.l.m.api.VvzInstrumentController        : GET /
2021-05-24 11:03:42.230  INFO 3584 --- [nio-8088-exec-1] s.l.m.api.VvzInstrumentController        : loaded via Microstream: Loaded Warehouse with [220001] VvzInstruments in [4247] ms, size [40 MB]
2021-05-24 11:03:42.238  INFO 3584 --- [nio-8088-exec-1] s.l.m.api.VvzInstrumentController        : Warehouse: [{"initialLoadTimeMilliSecs":1435,"warehouseInventorySize":220001,"warehouseSize":"40 MB"}]
2021-05-24 11:09:05.157  INFO 3584 --- [nio-8088-exec-4] s.l.m.api.VvzInstrumentController        : POST /clone
2021-05-24 11:09:07.427  INFO 3584 --- [nio-8088-exec-5] s.l.m.api.VvzInstrumentController        : GET /
2021-05-24 11:09:07.460  INFO 3584 --- [nio-8088-exec-5] s.l.m.api.VvzInstrumentController        : loaded via Microstream: Loaded Warehouse with [220001] VvzInstruments in [2184] ms, size [40 MB]
2021-05-24 11:09:07.460  INFO 3584 --- [nio-8088-exec-5] s.l.m.api.VvzInstrumentController        : Warehouse: [{"initialLoadTimeMilliSecs":1435,"warehouseInventorySize":220001,"warehouseSize":"40 MB"}]
2021-05-24 11:09:20.161  INFO 3584 --- [nio-8088-exec-6] s.l.m.api.VvzInstrumentController        : POST /clone
2021-05-24 11:09:25.048  INFO 3584 --- [nio-8088-exec-7] s.l.m.api.VvzInstrumentController        : GET /
2021-05-24 11:09:25.133  INFO 3584 --- [nio-8088-exec-7] s.l.m.api.VvzInstrumentController        : loaded via Microstream: Loaded Warehouse with [220001] VvzInstruments in [2241] ms, size [40 MB]
2021-05-24 11:09:25.142  INFO 3584 --- [nio-8088-exec-7] s.l.m.api.VvzInstrumentController        : Warehouse: [{"initialLoadTimeMilliSecs":1435,"warehouseInventorySize":220001,"warehouseSize":"40 MB"}]
2021-05-24 11:09:59.496  INFO 3584 --- [nio-8088-exec-8] s.l.m.api.VvzInstrumentController        : POST /filter formData [{vvzid=[0]}]
2021-05-24 11:09:59.650  INFO 3584 --- [nio-8088-exec-9] s.l.m.api.VvzInstrumentController        : GET /
2021-05-24 11:09:59.701  INFO 3584 --- [nio-8088-exec-9] s.l.m.api.VvzInstrumentController        : Found [220001] VvzInstrument's in [153] ms
2021-05-24 11:09:59.702  INFO 3584 --- [nio-8088-exec-9] s.l.m.api.VvzInstrumentController        : Warehouse: [{"initialLoadTimeMilliSecs":1435,"warehouseInventorySize":220001,"warehouseSize":"40 MB"}]
2021-05-24 11:10:20.910  INFO 3584 --- [io-8088-exec-10] s.l.m.api.VvzInstrumentController        : POST /filter formData [{vvzid=[y]}]
2021-05-24 11:10:21.033  INFO 3584 --- [nio-8088-exec-3] s.l.m.api.VvzInstrumentController        : GET /
2021-05-24 11:10:21.156  INFO 3584 --- [nio-8088-exec-3] s.l.m.api.VvzInstrumentController        : Found [50788] VvzInstrument's in [100] ms
2021-05-24 11:10:21.156  INFO 3584 --- [nio-8088-exec-3] s.l.m.api.VvzInstrumentController        : Warehouse: [{"initialLoadTimeMilliSecs":1435,"warehouseInventorySize":220001,"warehouseSize":"40 MB"}]
2021-05-24 11:11:03.286  INFO 3584 --- [nio-8088-exec-1] s.l.m.api.VvzInstrumentController        : POST /add?nbr=[100000]
2021-05-24 11:11:05.202  INFO 3584 --- [nio-8088-exec-2] s.l.m.api.VvzInstrumentController        : GET /
2021-05-24 11:11:05.249  INFO 3584 --- [nio-8088-exec-2] s.l.m.api.VvzInstrumentController        : [100000] VVzinstrument: generating objects in [744] ms, storing in [1163] ms
2021-05-24 11:11:05.265  INFO 3584 --- [nio-8088-exec-2] s.l.m.api.VvzInstrumentController        : Warehouse: [{"initialLoadTimeMilliSecs":1435,"warehouseInventorySize":320001,"warehouseSize":"61 MB"}]
2021-05-24 11:11:39.328  INFO 3584 --- [nio-8088-exec-4] s.l.m.api.VvzInstrumentController        : POST /clone
2021-05-24 11:11:42.730  INFO 3584 --- [nio-8088-exec-4] s.l.m.api.VvzInstrumentController        : GET /
2021-05-24 11:11:43.098  INFO 3584 --- [nio-8088-exec-4] s.l.m.api.VvzInstrumentController        : loaded via Microstream: Loaded Warehouse with [320001] VvzInstruments in [2976] ms, size [58 MB]
2021-05-24 11:11:43.119  INFO 3584 --- [nio-8088-exec-4] s.l.m.api.VvzInstrumentController        : Warehouse: [{"initialLoadTimeMilliSecs":1435,"warehouseInventorySize":320001,"warehouseSize":"58 MB"}]
2021-05-24 11:12:04.815  INFO 3584 --- [nio-8088-exec-5] s.l.m.api.VvzInstrumentController        : POST /filter formData [{vvzid=[0]}]
2021-05-24 11:12:04.982  INFO 3584 --- [nio-8088-exec-6] s.l.m.api.VvzInstrumentController        : GET /
2021-05-24 11:12:05.038  INFO 3584 --- [nio-8088-exec-6] s.l.m.api.VvzInstrumentController        : Found [320001] VvzInstrument's in [166] ms
2021-05-24 11:12:05.038  INFO 3584 --- [nio-8088-exec-6] s.l.m.api.VvzInstrumentController        : Warehouse: [{"initialLoadTimeMilliSecs":1435,"warehouseInventorySize":320001,"warehouseSize":"58 MB"}]
2021-05-24 11:12:14.926  INFO 3584 --- [nio-8088-exec-7] s.l.m.api.VvzInstrumentController        : POST /filter formData [{vvzid=[y]}]
2021-05-24 11:12:15.485  INFO 3584 --- [nio-8088-exec-8] s.l.m.api.VvzInstrumentController        : GET /
2021-05-24 11:12:15.654  INFO 3584 --- [nio-8088-exec-8] s.l.m.api.VvzInstrumentController        : Found [73842] VvzInstrument's in [550] ms
2021-05-24 11:12:15.665  INFO 3584 --- [nio-8088-exec-8] s.l.m.api.VvzInstrumentController        : Warehouse: [{"initialLoadTimeMilliSecs":1435,"warehouseInventorySize":320001,"warehouseSize":"58 MB"}]
2021-05-24 11:12:38.364  INFO 3584 --- [nio-8088-exec-9] s.l.m.api.VvzInstrumentController        : POST /filter formData [{vvzid=[-]}]
2021-05-24 11:12:38.779  INFO 3584 --- [io-8088-exec-10] s.l.m.api.VvzInstrumentController        : GET /
2021-05-24 11:12:38.832  INFO 3584 --- [io-8088-exec-10] s.l.m.api.VvzInstrumentController        : Found [0] VvzInstrument's in [399] ms
2021-05-24 11:12:38.848  INFO 3584 --- [io-8088-exec-10] s.l.m.api.VvzInstrumentController        : Warehouse: [{"initialLoadTimeMilliSecs":1435,"warehouseInventorySize":320001,"warehouseSize":"58 MB"}]
2021-05-24 11:13:45.768  INFO 3584 --- [nio-8088-exec-1] s.l.m.api.VvzInstrumentController        : POST /add?nbr=[100000]
2021-05-24 11:13:47.975  INFO 3584 --- [nio-8088-exec-2] s.l.m.api.VvzInstrumentController        : GET /
2021-05-24 11:13:48.060  INFO 3584 --- [nio-8088-exec-2] s.l.m.api.VvzInstrumentController        : [100000] VVzinstrument: generating objects in [441] ms, storing in [1759] ms
2021-05-24 11:13:48.063  INFO 3584 --- [nio-8088-exec-2] s.l.m.api.VvzInstrumentController        : Warehouse: [{"initialLoadTimeMilliSecs":1435,"warehouseInventorySize":420001,"warehouseSize":"76 MB"}]
2021-05-24 11:14:37.401  INFO 3584 --- [nio-8088-exec-4] s.l.m.api.VvzInstrumentController        : POST /clone
2021-05-24 11:14:46.564  INFO 3584 --- [nio-8088-exec-5] s.l.m.api.VvzInstrumentController        : GET /
2021-05-24 11:14:46.649  INFO 3584 --- [nio-8088-exec-5] s.l.m.api.VvzInstrumentController        : loaded via Microstream: Loaded Warehouse with [420001] VvzInstruments in [8529] ms, size [76 MB]
2021-05-24 11:14:46.668  INFO 3584 --- [nio-8088-exec-5] s.l.m.api.VvzInstrumentController        : Warehouse: [{"initialLoadTimeMilliSecs":1435,"warehouseInventorySize":420001,"warehouseSize":"76 MB"}]
2021-05-24 11:15:13.902  INFO 3584 --- [nio-8088-exec-6] s.l.m.api.VvzInstrumentController        : POST /filter formData [{vvzid=[0]}]
2021-05-24 11:15:14.905  INFO 3584 --- [nio-8088-exec-6] s.l.m.api.VvzInstrumentController        : GET /
2021-05-24 11:15:15.195  INFO 3584 --- [nio-8088-exec-6] s.l.m.api.VvzInstrumentController        : Found [420001] VvzInstrument's in [962] ms
2021-05-24 11:15:15.213  INFO 3584 --- [nio-8088-exec-6] s.l.m.api.VvzInstrumentController        : Warehouse: [{"initialLoadTimeMilliSecs":1435,"warehouseInventorySize":420001,"warehouseSize":"76 MB"}]
2021-05-24 11:15:25.569  INFO 3584 --- [nio-8088-exec-7] s.l.m.api.VvzInstrumentController        : POST /filter formData [{vvzid=[y]}]
2021-05-24 11:15:25.768  INFO 3584 --- [nio-8088-exec-8] s.l.m.api.VvzInstrumentController        : GET /
2021-05-24 11:15:25.838  INFO 3584 --- [nio-8088-exec-8] s.l.m.api.VvzInstrumentController        : Found [97116] VvzInstrument's in [198] ms
2021-05-24 11:15:25.853  INFO 3584 --- [nio-8088-exec-8] s.l.m.api.VvzInstrumentController        : Warehouse: [{"initialLoadTimeMilliSecs":1435,"warehouseInventorySize":420001,"warehouseSize":"76 MB"}]
2021-05-24 11:15:34.728  INFO 3584 --- [nio-8088-exec-9] s.l.m.api.VvzInstrumentController        : POST /filter formData [{vvzid=[-]}]
2021-05-24 11:15:35.100  INFO 3584 --- [io-8088-exec-10] s.l.m.api.VvzInstrumentController        : GET /
2021-05-24 11:15:35.169  INFO 3584 --- [io-8088-exec-10] s.l.m.api.VvzInstrumentController        : Found [0] VvzInstrument's in [371] ms
2021-05-24 11:15:35.169  INFO 3584 --- [io-8088-exec-10] s.l.m.api.VvzInstrumentController        : Warehouse: [{"initialLoadTimeMilliSecs":1435,"warehouseInventorySize":420001,"warehouseSize":"76 MB"}]
2021-05-24 11:15:48.491  INFO 3584 --- [nio-8088-exec-3] s.l.m.api.VvzInstrumentController        : POST /add?nbr=[100000]
2021-05-24 11:15:52.324  INFO 3584 --- [nio-8088-exec-1] s.l.m.api.VvzInstrumentController        : GET /
2021-05-24 11:15:52.423  INFO 3584 --- [nio-8088-exec-1] s.l.m.api.VvzInstrumentController        : [100000] VVzinstrument: generating objects in [216] ms, storing in [3616] ms
2021-05-24 11:15:52.423  INFO 3584 --- [nio-8088-exec-1] s.l.m.api.VvzInstrumentController        : Warehouse: [{"initialLoadTimeMilliSecs":1435,"warehouseInventorySize":520001,"warehouseSize":"100 MB"}]
2021-05-24 11:16:17.688  INFO 3584 --- [nio-8088-exec-2] s.l.m.api.VvzInstrumentController        : POST /clone
2021-05-24 11:16:36.987  INFO 3584 --- [nio-8088-exec-4] s.l.m.api.VvzInstrumentController        : GET /
2021-05-24 11:16:37.534  INFO 3584 --- [nio-8088-exec-4] s.l.m.api.VvzInstrumentController        : loaded via Microstream: Loaded Warehouse with [520001] VvzInstruments in [17631] ms, size [93 MB]
2021-05-24 11:16:37.565  INFO 3584 --- [nio-8088-exec-4] s.l.m.api.VvzInstrumentController        : Warehouse: [{"initialLoadTimeMilliSecs":1435,"warehouseInventorySize":520001,"warehouseSize":"93 MB"}]
2021-05-24 11:17:14.406  INFO 3584 --- [nio-8088-exec-5] s.l.m.api.VvzInstrumentController        : POST /filter formData [{vvzid=[0]}]
2021-05-24 11:17:14.775  INFO 3584 --- [nio-8088-exec-6] s.l.m.api.VvzInstrumentController        : GET /
2021-05-24 11:17:14.896  INFO 3584 --- [nio-8088-exec-6] s.l.m.api.VvzInstrumentController        : Found [520001] VvzInstrument's in [353] ms
2021-05-24 11:17:14.912  INFO 3584 --- [nio-8088-exec-6] s.l.m.api.VvzInstrumentController        : Warehouse: [{"initialLoadTimeMilliSecs":1435,"warehouseInventorySize":520001,"warehouseSize":"93 MB"}]
2021-05-24 11:17:26.878  INFO 3584 --- [nio-8088-exec-7] s.l.m.api.VvzInstrumentController        : POST /filter formData [{vvzid=[y]}]
2021-05-24 11:17:27.165  INFO 3584 --- [nio-8088-exec-8] s.l.m.api.VvzInstrumentController        : GET /
2021-05-24 11:17:27.419  INFO 3584 --- [nio-8088-exec-8] s.l.m.api.VvzInstrumentController        : Found [120082] VvzInstrument's in [270] ms
2021-05-24 11:17:27.429  INFO 3584 --- [nio-8088-exec-8] s.l.m.api.VvzInstrumentController        : Warehouse: [{"initialLoadTimeMilliSecs":1435,"warehouseInventorySize":520001,"warehouseSize":"93 MB"}]
2021-05-24 11:17:43.649  INFO 3584 --- [nio-8088-exec-9] s.l.m.api.VvzInstrumentController        : POST /filter formData [{vvzid=[-]}]
2021-05-24 11:17:44.420  INFO 3584 --- [io-8088-exec-10] s.l.m.api.VvzInstrumentController        : GET /
2021-05-24 11:17:44.750  INFO 3584 --- [io-8088-exec-10] s.l.m.api.VvzInstrumentController        : Found [0] VvzInstrument's in [753] ms
2021-05-24 11:17:44.761  INFO 3584 --- [io-8088-exec-10] s.l.m.api.VvzInstrumentController        : Warehouse: [{"initialLoadTimeMilliSecs":1435,"warehouseInventorySize":520001,"warehouseSize":"93 MB"}]
2021-05-24 11:18:04.023  INFO 3584 --- [nio-8088-exec-3] s.l.m.api.VvzInstrumentController        : POST /add?nbr=[100000]
2021-05-24 11:18:05.427  INFO 3584 --- [nio-8088-exec-1] s.l.m.api.VvzInstrumentController        : GET /
2021-05-24 11:18:05.512  INFO 3584 --- [nio-8088-exec-1] s.l.m.api.VvzInstrumentController        : [100000] VVzinstrument: generating objects in [364] ms, storing in [1039] ms
2021-05-24 11:18:05.527  INFO 3584 --- [nio-8088-exec-1] s.l.m.api.VvzInstrumentController        : Warehouse: [{"initialLoadTimeMilliSecs":1435,"warehouseInventorySize":620001,"warehouseSize":"119 MB"}]
2021-05-24 11:18:06.461  INFO 3584 --- [nio-8088-exec-2] s.l.m.api.VvzInstrumentController        : POST /add?nbr=[100000]
2021-05-24 11:18:09.336  INFO 3584 --- [nio-8088-exec-4] s.l.m.api.VvzInstrumentController        : GET /
2021-05-24 11:18:09.436  INFO 3584 --- [nio-8088-exec-4] s.l.m.api.VvzInstrumentController        : [100000] VVzinstrument: generating objects in [598] ms, storing in [2275] ms
2021-05-24 11:18:09.436  INFO 3584 --- [nio-8088-exec-4] s.l.m.api.VvzInstrumentController        : Warehouse: [{"initialLoadTimeMilliSecs":1435,"warehouseInventorySize":720001,"warehouseSize":"146 MB"}]
2021-05-24 11:18:10.638  INFO 3584 --- [nio-8088-exec-5] s.l.m.api.VvzInstrumentController        : POST /add?nbr=[100000]
2021-05-24 11:18:14.159  INFO 3584 --- [nio-8088-exec-6] s.l.m.api.VvzInstrumentController        : GET /
2021-05-24 11:18:14.917  INFO 3584 --- [nio-8088-exec-6] s.l.m.api.VvzInstrumentController        : [100000] VVzinstrument: generating objects in [257] ms, storing in [3242] ms
2021-05-24 11:18:14.938  INFO 3584 --- [nio-8088-exec-6] s.l.m.api.VvzInstrumentController        : Warehouse: [{"initialLoadTimeMilliSecs":1435,"warehouseInventorySize":820001,"warehouseSize":"157 MB"}]
2021-05-24 11:18:19.508  INFO 3584 --- [nio-8088-exec-7] s.l.m.api.VvzInstrumentController        : POST /add?nbr=[100000]
2021-05-24 11:18:21.962  INFO 3584 --- [nio-8088-exec-8] s.l.m.api.VvzInstrumentController        : GET /
2021-05-24 11:18:22.600  INFO 3584 --- [nio-8088-exec-8] s.l.m.api.VvzInstrumentController        : [100000] VVzinstrument: generating objects in [997] ms, storing in [1440] ms
2021-05-24 11:18:22.616  INFO 3584 --- [nio-8088-exec-8] s.l.m.api.VvzInstrumentController        : Warehouse: [{"initialLoadTimeMilliSecs":1435,"warehouseInventorySize":920001,"warehouseSize":"177 MB"}]
2021-05-24 11:18:24.067  INFO 3584 --- [nio-8088-exec-9] s.l.m.api.VvzInstrumentController        : POST /add?nbr=[100000]
2021-05-24 11:18:26.079  INFO 3584 --- [io-8088-exec-10] s.l.m.api.VvzInstrumentController        : GET /
2021-05-24 11:18:26.251  INFO 3584 --- [io-8088-exec-10] s.l.m.api.VvzInstrumentController        : [100000] VVzinstrument: generating objects in [215] ms, storing in [1786] ms
2021-05-24 11:18:26.251  INFO 3584 --- [io-8088-exec-10] s.l.m.api.VvzInstrumentController        : Warehouse: [{"initialLoadTimeMilliSecs":1435,"warehouseInventorySize":1020001,"warehouseSize":"225 MB"}]
2021-05-24 11:19:37.983  INFO 3584 --- [nio-8088-exec-1] s.l.m.api.VvzInstrumentController        : POST /clone
2021-05-24 11:19:57.814  INFO 3584 --- [nio-8088-exec-2] s.l.m.api.VvzInstrumentController        : GET /
2021-05-24 11:20:03.444  INFO 3584 --- [nio-8088-exec-2] s.l.m.api.VvzInstrumentController        : loaded via Microstream: Loaded Warehouse with [1020001] VvzInstruments in [17901] ms, size [182 MB]
2021-05-24 11:20:03.562  INFO 3584 --- [nio-8088-exec-2] s.l.m.api.VvzInstrumentController        : Warehouse: [{"initialLoadTimeMilliSecs":1435,"warehouseInventorySize":1020001,"warehouseSize":"182 MB"}]
2021-05-24 11:20:29.527  INFO 3584 --- [nio-8088-exec-4] s.l.m.api.VvzInstrumentController        : POST /filter formData [{vvzid=[0]}]
2021-05-24 11:20:30.240  INFO 3584 --- [nio-8088-exec-5] s.l.m.api.VvzInstrumentController        : GET /
2021-05-24 11:20:30.526  INFO 3584 --- [nio-8088-exec-5] s.l.m.api.VvzInstrumentController        : Found [1020001] VvzInstrument's in [694] ms
2021-05-24 11:20:30.534  INFO 3584 --- [nio-8088-exec-5] s.l.m.api.VvzInstrumentController        : Warehouse: [{"initialLoadTimeMilliSecs":1435,"warehouseInventorySize":1020001,"warehouseSize":"182 MB"}]
2021-05-24 11:20:45.469  INFO 3584 --- [nio-8088-exec-6] s.l.m.api.VvzInstrumentController        : POST /filter formData [{vvzid=[y]}]
2021-05-24 11:20:46.290  INFO 3584 --- [nio-8088-exec-6] s.l.m.api.VvzInstrumentController        : GET /
2021-05-24 11:20:46.591  INFO 3584 --- [nio-8088-exec-6] s.l.m.api.VvzInstrumentController        : Found [235615] VvzInstrument's in [804] ms
2021-05-24 11:20:46.606  INFO 3584 --- [nio-8088-exec-6] s.l.m.api.VvzInstrumentController        : Warehouse: [{"initialLoadTimeMilliSecs":1435,"warehouseInventorySize":1020001,"warehouseSize":"182 MB"}]
2021-05-24 11:20:56.204  INFO 3584 --- [nio-8088-exec-7] s.l.m.api.VvzInstrumentController        : POST /filter formData [{vvzid=[-]}]
2021-05-24 11:20:57.784  INFO 3584 --- [nio-8088-exec-8] s.l.m.api.VvzInstrumentController        : GET /
2021-05-24 11:20:57.956  INFO 3584 --- [nio-8088-exec-8] s.l.m.api.VvzInstrumentController        : Found [0] VvzInstrument's in [1579] ms
2021-05-24 11:20:57.956  INFO 3584 --- [nio-8088-exec-8] s.l.m.api.VvzInstrumentController        : Warehouse: [{"initialLoadTimeMilliSecs":1435,"warehouseInventorySize":1020001,"warehouseSize":"182 MB"}]
2021-05-24 11:21:22.286  INFO 3584 --- [nio-8088-exec-9] s.l.m.api.VvzInstrumentController        : POST /deleteall
2021-05-24 11:21:22.433  INFO 3584 --- [io-8088-exec-10] s.l.m.api.VvzInstrumentController        : GET /
2021-05-24 11:21:22.470  INFO 3584 --- [io-8088-exec-10] s.l.m.api.VvzInstrumentController        : deleteAll took [132] ms
2021-05-24 11:21:22.470  INFO 3584 --- [io-8088-exec-10] s.l.m.api.VvzInstrumentController        : Warehouse: [{"initialLoadTimeMilliSecs":1435,"warehouseInventorySize":0,"warehouseSize":"182 MB"}]
2021-05-24 11:22:16.924  INFO 3584 --- [nio-8088-exec-3] s.l.m.api.VvzInstrumentController        : POST /clone
2021-05-24 11:22:21.444  INFO 3584 --- [nio-8088-exec-3] s.l.m.api.VvzInstrumentController        : GET /
2021-05-24 11:22:21.476  INFO 3584 --- [nio-8088-exec-3] s.l.m.api.VvzInstrumentController        : loaded via Microstream: Loaded Warehouse with [0] VvzInstruments in [2276] ms, size [166 MB]
2021-05-24 11:22:21.476  INFO 3584 --- [nio-8088-exec-3] s.l.m.api.VvzInstrumentController        : Warehouse: [{"initialLoadTimeMilliSecs":1435,"warehouseInventorySize":0,"warehouseSize":"166 MB"}]
2021-05-24 11:22:40.711  INFO 3584 --- [nio-8088-exec-1] s.l.m.api.VvzInstrumentController        : POST /filter formData [{vvzid=[0]}]
2021-05-24 11:22:40.726  INFO 3584 --- [nio-8088-exec-2] s.l.m.api.VvzInstrumentController        : GET /
2021-05-24 11:22:40.742  INFO 3584 --- [nio-8088-exec-2] s.l.m.api.VvzInstrumentController        : Found [0] VvzInstrument's in [15] ms
2021-05-24 11:22:40.742  INFO 3584 --- [nio-8088-exec-2] s.l.m.api.VvzInstrumentController        : Warehouse: [{"initialLoadTimeMilliSecs":1435,"warehouseInventorySize":0,"warehouseSize":"166 MB"}]
