2021-05-24 10:20:05.990  INFO 12516 --- [           main] s.l.m.api.VvzInstrumentController        : initialization finished Warehouse: [{"initialLoadTimeMilliSecs":1283,"warehouseInventorySize":0,"warehouseSize":"13 KB"}]
2021-05-24 10:20:29.780  INFO 12516 --- [nio-8088-exec-1] s.l.m.api.VvzInstrumentController        : GET /
2021-05-24 10:20:29.786  INFO 12516 --- [nio-8088-exec-1] s.l.m.api.VvzInstrumentController        : Warehouse: [{"initialLoadTimeMilliSecs":1283,"warehouseInventorySize":0,"warehouseSize":"13 KB"}]
2021-05-24 10:20:55.016  INFO 12516 --- [nio-8088-exec-4] s.l.m.api.VvzInstrumentController        : POST /add?nbr=[1]
2021-05-24 10:20:55.100  INFO 12516 --- [nio-8088-exec-5] s.l.m.api.VvzInstrumentController        : GET /
2021-05-24 10:20:55.100  INFO 12516 --- [nio-8088-exec-5] s.l.m.api.VvzInstrumentController        : [1] VVzinstrument: generating objects in [5] ms, storing in [34] ms
2021-05-24 10:20:55.133  INFO 12516 --- [nio-8088-exec-5] s.l.m.api.VvzInstrumentController        : Warehouse: [{"initialLoadTimeMilliSecs":1283,"warehouseInventorySize":1,"warehouseSize":"14 KB"}]
2021-05-24 10:20:58.415  INFO 12516 --- [nio-8088-exec-6] s.l.m.api.VvzInstrumentController        : POST /add?nbr=[100000]
2021-05-24 10:20:59.570  INFO 12516 --- [nio-8088-exec-7] s.l.m.api.VvzInstrumentController        : POST /add?nbr=[20000]
2021-05-24 10:21:00.692  INFO 12516 --- [nio-8088-exec-8] s.l.m.api.VvzInstrumentController        : GET /
2021-05-24 10:21:00.720  INFO 12516 --- [nio-8088-exec-8] s.l.m.api.VvzInstrumentController        : [20000] VVzinstrument: generating objects in [71] ms, storing in [1397] ms, storing in [1031] ms
2021-05-24 10:21:00.720  INFO 12516 --- [nio-8088-exec-8] s.l.m.api.VvzInstrumentController        : Warehouse: [{"initialLoadTimeMilliSecs":1283,"warehouseInventorySize":120001,"warehouseSize":"22 MB"}]
2021-05-24 10:21:08.154  INFO 12516 --- [nio-8088-exec-9] s.l.m.api.VvzInstrumentController        : POST /add?nbr=[100000]
2021-05-24 10:21:08.998  INFO 12516 --- [io-8088-exec-10] s.l.m.api.VvzInstrumentController        : POST /add?nbr=[20000]
2021-05-24 10:21:09.167 ERROR 12516 --- [nio-8088-exec-9] o.a.c.c.C.[.[.[/].[dispatcherServlet]    : Servlet.service() for servlet [dispatcherServlet] in context with path [] threw exception [Request processing failed; nested exception is one.microstream.persistence.exceptions.PersistenceException: Inconsistent element count: specified 220001 vs. iterated 173426077287] with root cause

one.microstream.persistence.exceptions.PersistenceException: Inconsistent element count: specified 220001 vs. iterated 173426077287
	at one.microstream.persistence.binary.types.Binary.validatePostIterationState(Binary.java:2009)
	at one.microstream.persistence.binary.types.Binary.storeMapEntrySet(Binary.java:525)
	at one.microstream.java.util.AbstractBinaryHandlerMap.store(AbstractBinaryHandlerMap.java:66)
	at one.microstream.java.util.AbstractBinaryHandlerMap.store(AbstractBinaryHandlerMap.java:1)
	at one.microstream.persistence.binary.internal.AbstractBinaryHandlerCustom.store(AbstractBinaryHandlerCustom.java:1)
	at one.microstream.persistence.binary.types.BinaryStorer$Default.storeItem(BinaryStorer.java:414)
	at one.microstream.persistence.binary.types.BinaryStorer$Default.storeGraph(BinaryStorer.java:403)
	at one.microstream.persistence.binary.types.BinaryStorer$Default.store(BinaryStorer.java:421)
	at one.microstream.persistence.types.PersistenceManager$Default.store(PersistenceManager.java:274)
	at one.microstream.storage.types.StorageConnection.store(StorageConnection.java:344)
	at schnatterinchen.labor.microstream.persistence.VvzWarehouse.store(VvzWarehouse.java:90)
	at schnatterinchen.labor.microstream.persistence.VvzWarehouse.storeVvzInstrument(VvzWarehouse.java:64)
	at schnatterinchen.labor.microstream.api.VvzInstrumentController.add(VvzInstrumentController.java:90)
	at java.base/jdk.internal.reflect.NativeMethodAccessorImpl.invoke0(Native Method)
	at java.base/jdk.internal.reflect.NativeMethodAccessorImpl.invoke(NativeMethodAccessorImpl.java:62)
	at java.base/jdk.internal.reflect.DelegatingMethodAccessorImpl.invoke(DelegatingMethodAccessorImpl.java:43)
	at java.base/java.lang.reflect.Method.invoke(Method.java:566)
	at org.springframework.web.method.support.InvocableHandlerMethod.doInvoke(InvocableHandlerMethod.java:197)
	at org.springframework.web.method.support.InvocableHandlerMethod.invokeForRequest(InvocableHandlerMethod.java:141)
	at org.springframework.web.servlet.mvc.method.annotation.ServletInvocableHandlerMethod.invokeAndHandle(ServletInvocableHandlerMethod.java:106)
	at org.springframework.web.servlet.mvc.method.annotation.RequestMappingHandlerAdapter.invokeHandlerMethod(RequestMappingHandlerAdapter.java:894)
	at org.springframework.web.servlet.mvc.method.annotation.RequestMappingHandlerAdapter.handleInternal(RequestMappingHandlerAdapter.java:808)
	at org.springframework.web.servlet.mvc.method.AbstractHandlerMethodAdapter.handle(AbstractHandlerMethodAdapter.java:87)
	at org.springframework.web.servlet.DispatcherServlet.doDispatch(DispatcherServlet.java:1060)
	at org.springframework.web.servlet.DispatcherServlet.doService(DispatcherServlet.java:962)
	at org.springframework.web.servlet.FrameworkServlet.processRequest(FrameworkServlet.java:1006)
	at org.springframework.web.servlet.FrameworkServlet.doPost(FrameworkServlet.java:909)
	at javax.servlet.http.HttpServlet.service(HttpServlet.java:652)
	at org.springframework.web.servlet.FrameworkServlet.service(FrameworkServlet.java:883)
	at javax.servlet.http.HttpServlet.service(HttpServlet.java:733)
	at org.apache.catalina.core.ApplicationFilterChain.internalDoFilter(ApplicationFilterChain.java:227)
	at org.apache.catalina.core.ApplicationFilterChain.doFilter(ApplicationFilterChain.java:162)
	at org.apache.tomcat.websocket.server.WsFilter.doFilter(WsFilter.java:53)
	at org.apache.catalina.core.ApplicationFilterChain.internalDoFilter(ApplicationFilterChain.java:189)
	at org.apache.catalina.core.ApplicationFilterChain.doFilter(ApplicationFilterChain.java:162)
	at org.springframework.web.filter.RequestContextFilter.doFilterInternal(RequestContextFilter.java:100)
	at org.springframework.web.filter.OncePerRequestFilter.doFilter(OncePerRequestFilter.java:119)
	at org.apache.catalina.core.ApplicationFilterChain.internalDoFilter(ApplicationFilterChain.java:189)
	at org.apache.catalina.core.ApplicationFilterChain.doFilter(ApplicationFilterChain.java:162)
	at org.springframework.web.filter.FormContentFilter.doFilterInternal(FormContentFilter.java:93)
	at org.springframework.web.filter.OncePerRequestFilter.doFilter(OncePerRequestFilter.java:119)
	at org.apache.catalina.core.ApplicationFilterChain.internalDoFilter(ApplicationFilterChain.java:189)
	at org.apache.catalina.core.ApplicationFilterChain.doFilter(ApplicationFilterChain.java:162)
	at org.springframework.web.filter.CharacterEncodingFilter.doFilterInternal(CharacterEncodingFilter.java:201)
	at org.springframework.web.filter.OncePerRequestFilter.doFilter(OncePerRequestFilter.java:119)
	at org.apache.catalina.core.ApplicationFilterChain.internalDoFilter(ApplicationFilterChain.java:189)
	at org.apache.catalina.core.ApplicationFilterChain.doFilter(ApplicationFilterChain.java:162)
	at org.apache.catalina.core.StandardWrapperValve.invoke(StandardWrapperValve.java:202)
	at org.apache.catalina.core.StandardContextValve.invoke(StandardContextValve.java:97)
	at org.apache.catalina.authenticator.AuthenticatorBase.invoke(AuthenticatorBase.java:542)
	at org.apache.catalina.core.StandardHostValve.invoke(StandardHostValve.java:143)
	at org.apache.catalina.valves.ErrorReportValve.invoke(ErrorReportValve.java:92)
	at org.apache.catalina.core.StandardEngineValve.invoke(StandardEngineValve.java:78)
	at org.apache.catalina.connector.CoyoteAdapter.service(CoyoteAdapter.java:357)
	at org.apache.coyote.http11.Http11Processor.service(Http11Processor.java:374)
	at org.apache.coyote.AbstractProcessorLight.process(AbstractProcessorLight.java:65)
	at org.apache.coyote.AbstractProtocol$ConnectionHandler.process(AbstractProtocol.java:893)
	at org.apache.tomcat.util.net.NioEndpoint$SocketProcessor.doRun(NioEndpoint.java:1707)
	at org.apache.tomcat.util.net.SocketProcessorBase.run(SocketProcessorBase.java:49)
	at java.base/java.util.concurrent.ThreadPoolExecutor.runWorker(ThreadPoolExecutor.java:1128)
	at java.base/java.util.concurrent.ThreadPoolExecutor$Worker.run(ThreadPoolExecutor.java:628)
	at org.apache.tomcat.util.threads.TaskThread$WrappingRunnable.run(TaskThread.java:61)
	at java.base/java.lang.Thread.run(Thread.java:834)

2021-05-24 10:21:10.809  INFO 12516 --- [nio-8088-exec-1] s.l.m.api.VvzInstrumentController        : GET /
2021-05-24 10:21:10.855  INFO 12516 --- [nio-8088-exec-1] s.l.m.api.VvzInstrumentController        : [20000] VVzinstrument: generating objects in [114] ms, storing in [1696] ms
2021-05-24 10:21:10.871  INFO 12516 --- [nio-8088-exec-1] s.l.m.api.VvzInstrumentController        : Warehouse: [{"initialLoadTimeMilliSecs":1283,"warehouseInventorySize":240001,"warehouseSize":"60 MB"}]
2021-05-24 10:21:38.264  INFO 12516 --- [nio-8088-exec-3] s.l.m.api.VvzInstrumentController        : POST /add?nbr=[100000]
2021-05-24 10:21:40.093  INFO 12516 --- [nio-8088-exec-2] s.l.m.api.VvzInstrumentController        : GET /
2021-05-24 10:21:40.263  INFO 12516 --- [nio-8088-exec-2] s.l.m.api.VvzInstrumentController        : [100000] VVzinstrument: generating objects in [685] ms, storing in [1128] ms
2021-05-24 10:21:40.278  INFO 12516 --- [nio-8088-exec-2] s.l.m.api.VvzInstrumentController        : Warehouse: [{"initialLoadTimeMilliSecs":1283,"warehouseInventorySize":340001,"warehouseSize":"85 MB"}]
2021-05-24 10:21:54.522  INFO 12516 --- [nio-8088-exec-4] s.l.m.api.VvzInstrumentController        : POST /filter formData [{vvzid=[lz]}]
2021-05-24 10:21:54.723  INFO 12516 --- [nio-8088-exec-5] s.l.m.api.VvzInstrumentController        : GET /
2021-05-24 10:21:54.807  INFO 12516 --- [nio-8088-exec-5] s.l.m.api.VvzInstrumentController        : Found [2554] VvzInstrument's in [184] ms
2021-05-24 10:21:54.823  INFO 12516 --- [nio-8088-exec-5] s.l.m.api.VvzInstrumentController        : Warehouse: [{"initialLoadTimeMilliSecs":1283,"warehouseInventorySize":340001,"warehouseSize":"85 MB"}]
2021-05-24 10:22:22.441  INFO 12516 --- [nio-8088-exec-6] s.l.m.api.VvzInstrumentController        : POST /deleteall
2021-05-24 10:22:22.511  INFO 12516 --- [nio-8088-exec-7] s.l.m.api.VvzInstrumentController        : GET /
2021-05-24 10:22:22.517  INFO 12516 --- [nio-8088-exec-7] s.l.m.api.VvzInstrumentController        : deleteAll took [53] ms
2021-05-24 10:22:22.517  INFO 12516 --- [nio-8088-exec-7] s.l.m.api.VvzInstrumentController        : Warehouse: [{"initialLoadTimeMilliSecs":1283,"warehouseInventorySize":0,"warehouseSize":"85 MB"}]
2021-05-24 10:22:40.076  INFO 12352 --- [           main] s.l.m.api.VvzInstrumentController        : initialization finished Warehouse: [{"initialLoadTimeMilliSecs":2034,"warehouseInventorySize":0,"warehouseSize":"85 MB"}]
2021-05-24 10:22:53.090  INFO 12352 --- [nio-8088-exec-1] s.l.m.api.VvzInstrumentController        : GET /
2021-05-24 10:22:53.090  INFO 12352 --- [nio-8088-exec-1] s.l.m.api.VvzInstrumentController        : Warehouse: [{"initialLoadTimeMilliSecs":2034,"warehouseInventorySize":0,"warehouseSize":"85 MB"}]
2021-05-24 10:28:32.564  INFO 13716 --- [           main] s.l.m.api.VvzInstrumentController        : initialization finished Warehouse: [{"initialLoadTimeMilliSecs":8114,"warehouseInventorySize":0,"warehouseSize":"85 MB"}]
2021-05-24 10:30:25.664  INFO 13716 --- [nio-8088-exec-1] s.l.m.api.VvzInstrumentController        : GET /
2021-05-24 10:30:25.664  INFO 13716 --- [nio-8088-exec-1] s.l.m.api.VvzInstrumentController        : Warehouse: [{"initialLoadTimeMilliSecs":8114,"warehouseInventorySize":0,"warehouseSize":"85 MB"}]
2021-05-24 10:30:33.244  INFO 13716 --- [nio-8088-exec-6] s.l.m.api.VvzInstrumentController        : POST /add?nbr=[1]
2021-05-24 10:30:33.313  INFO 13716 --- [nio-8088-exec-7] s.l.m.api.VvzInstrumentController        : GET /
2021-05-24 10:30:33.329  INFO 13716 --- [nio-8088-exec-7] s.l.m.api.VvzInstrumentController        : [1] VVzinstrument: generating objects in [15] ms, storing in [31] ms
2021-05-24 10:30:33.352  INFO 13716 --- [nio-8088-exec-7] s.l.m.api.VvzInstrumentController        : Warehouse: [{"initialLoadTimeMilliSecs":8114,"warehouseInventorySize":1,"warehouseSize":"85 MB"}]
2021-05-24 10:44:39.026  INFO 13716 --- [nio-8088-exec-2] s.l.m.api.VvzInstrumentController        : POST /add?nbr=[100000]
2021-05-24 10:44:41.522  INFO 13716 --- [nio-8088-exec-5] s.l.m.api.VvzInstrumentController        : GET /
2021-05-24 10:44:41.644  INFO 13716 --- [nio-8088-exec-5] s.l.m.api.VvzInstrumentController        : [100000] VVzinstrument: generating objects in [981] ms, storing in [1503] ms
2021-05-24 10:44:41.654  INFO 13716 --- [nio-8088-exec-5] s.l.m.api.VvzInstrumentController        : Warehouse: [{"initialLoadTimeMilliSecs":8114,"warehouseInventorySize":100001,"warehouseSize":"103 MB"}]
2021-05-24 10:51:08.059  INFO 13716 --- [nio-8088-exec-7] s.l.m.api.VvzInstrumentController        : POST /add?nbr=[20000]
2021-05-24 10:51:08.576  INFO 13716 --- [nio-8088-exec-9] s.l.m.api.VvzInstrumentController        : GET /
2021-05-24 10:51:08.607  INFO 13716 --- [nio-8088-exec-9] s.l.m.api.VvzInstrumentController        : [20000] VVzinstrument: generating objects in [94] ms, storing in [422] ms
2021-05-24 10:51:08.622  INFO 13716 --- [nio-8088-exec-9] s.l.m.api.VvzInstrumentController        : Warehouse: [{"initialLoadTimeMilliSecs":8114,"warehouseInventorySize":120001,"warehouseSize":"108 MB"}]
2021-05-24 10:51:48.545  INFO 13716 --- [nio-8088-exec-8] s.l.m.api.VvzInstrumentController        : POST /add?nbr=[100000]
2021-05-24 10:51:52.239  INFO 13716 --- [io-8088-exec-10] s.l.m.api.VvzInstrumentController        : GET /
2021-05-24 10:51:52.327  INFO 13716 --- [io-8088-exec-10] s.l.m.api.VvzInstrumentController        : [100000] VVzinstrument: generating objects in [266] ms, storing in [3419] ms
2021-05-24 10:51:52.343  INFO 13716 --- [io-8088-exec-10] s.l.m.api.VvzInstrumentController        : Warehouse: [{"initialLoadTimeMilliSecs":8114,"warehouseInventorySize":220001,"warehouseSize":"128 MB"}]
